Analysis & Synthesis report for Probable
Mon Dec 10 20:28:13 2018
Quartus Prime Version 15.1.0 Build 185 10/21/2015 SJ Lite Edition


---------------------
; Table of Contents ;
---------------------
  1. Legal Notice
  2. Analysis & Synthesis Summary
  3. Analysis & Synthesis Settings
  4. Parallel Compilation
  5. Analysis & Synthesis Source Files Read
  6. Analysis & Synthesis Resource Usage Summary
  7. Analysis & Synthesis Resource Utilization by Entity
  8. State Machine - |Probable|respond:r|counter
  9. Registers Removed During Synthesis
 10. Removed Registers Triggering Further Register Optimizations
 11. General Register Statistics
 12. Inverted Register Statistics
 13. Multiplexer Restructuring Statistics (Restructuring Performed)
 14. Parameter Settings for User Entity Instance: print:p
 15. Parameter Settings for Inferred Entity Instance: buzzer:b|lpm_divide:Mod0
 16. Port Connectivity Checks: "generator:g"
 17. Post-Synthesis Netlist Statistics for Top Partition
 18. Elapsed Time Per Partition
 19. Analysis & Synthesis Messages
 20. Analysis & Synthesis Suppressed Messages



----------------
; Legal Notice ;
----------------
Copyright (C) 1991-2015 Altera Corporation. All rights reserved.
Your use of Altera Corporation's design tools, logic functions 
and other software and tools, and its AMPP partner logic 
functions, and any output files from any of the foregoing 
(including device programming or simulation files), and any 
associated documentation or information are expressly subject 
to the terms and conditions of the Altera Program License 
Subscription Agreement, the Altera Quartus Prime License Agreement,
the Altera MegaCore Function License Agreement, or other 
applicable license agreement, including, without limitation, 
that your use is for the sole purpose of programming logic 
devices manufactured by Altera and sold by Altera or its 
authorized distributors.  Please refer to the applicable 
agreement for further details.



+----------------------------------------------------------------------------------+
; Analysis & Synthesis Summary                                                     ;
+------------------------------------+---------------------------------------------+
; Analysis & Synthesis Status        ; Successful - Mon Dec 10 20:28:13 2018       ;
; Quartus Prime Version              ; 15.1.0 Build 185 10/21/2015 SJ Lite Edition ;
; Revision Name                      ; Probable                                    ;
; Top-level Entity Name              ; Probable                                    ;
; Family                             ; MAX 10                                      ;
; Total logic elements               ; 814                                         ;
;     Total combinational functions  ; 727                                         ;
;     Dedicated logic registers      ; 305                                         ;
; Total registers                    ; 305                                         ;
; Total pins                         ; 71                                          ;
; Total virtual pins                 ; 0                                           ;
; Total memory bits                  ; 0                                           ;
; Embedded Multiplier 9-bit elements ; 0                                           ;
; Total PLLs                         ; 0                                           ;
; UFM blocks                         ; 0                                           ;
; ADC blocks                         ; 0                                           ;
+------------------------------------+---------------------------------------------+


+----------------------------------------------------------------------------------------------------------------------+
; Analysis & Synthesis Settings                                                                                        ;
+----------------------------------------------------------------------------+--------------------+--------------------+
; Option                                                                     ; Setting            ; Default Value      ;
+----------------------------------------------------------------------------+--------------------+--------------------+
; Device                                                                     ; 10M50DAF484C7G     ;                    ;
; Top-level entity name                                                      ; Probable           ; Probable           ;
; Family name                                                                ; MAX 10             ; Cyclone V          ;
; Use smart compilation                                                      ; Off                ; Off                ;
; Enable parallel Assembler and TimeQuest Timing Analyzer during compilation ; On                 ; On                 ;
; Enable compact report table                                                ; Off                ; Off                ;
; Restructure Multiplexers                                                   ; Auto               ; Auto               ;
; Create Debugging Nodes for IP Cores                                        ; Off                ; Off                ;
; Preserve fewer node names                                                  ; On                 ; On                 ;
; Disable OpenCore Plus hardware evaluation                                  ; Off                ; Off                ;
; Verilog Version                                                            ; Verilog_2001       ; Verilog_2001       ;
; VHDL Version                                                               ; VHDL_1993          ; VHDL_1993          ;
; State Machine Processing                                                   ; Auto               ; Auto               ;
; Safe State Machine                                                         ; Off                ; Off                ;
; Extract Verilog State Machines                                             ; On                 ; On                 ;
; Extract VHDL State Machines                                                ; On                 ; On                 ;
; Ignore Verilog initial constructs                                          ; Off                ; Off                ;
; Iteration limit for constant Verilog loops                                 ; 5000               ; 5000               ;
; Iteration limit for non-constant Verilog loops                             ; 250                ; 250                ;
; Add Pass-Through Logic to Inferred RAMs                                    ; On                 ; On                 ;
; Infer RAMs from Raw Logic                                                  ; On                 ; On                 ;
; Parallel Synthesis                                                         ; On                 ; On                 ;
; DSP Block Balancing                                                        ; Auto               ; Auto               ;
; NOT Gate Push-Back                                                         ; On                 ; On                 ;
; Power-Up Don't Care                                                        ; On                 ; On                 ;
; Remove Redundant Logic Cells                                               ; Off                ; Off                ;
; Remove Duplicate Registers                                                 ; On                 ; On                 ;
; Ignore CARRY Buffers                                                       ; Off                ; Off                ;
; Ignore CASCADE Buffers                                                     ; Off                ; Off                ;
; Ignore GLOBAL Buffers                                                      ; Off                ; Off                ;
; Ignore ROW GLOBAL Buffers                                                  ; Off                ; Off                ;
; Ignore LCELL Buffers                                                       ; Off                ; Off                ;
; Ignore SOFT Buffers                                                        ; On                 ; On                 ;
; Limit AHDL Integers to 32 Bits                                             ; Off                ; Off                ;
; Optimization Technique                                                     ; Balanced           ; Balanced           ;
; Carry Chain Length                                                         ; 70                 ; 70                 ;
; Auto Carry Chains                                                          ; On                 ; On                 ;
; Auto Open-Drain Pins                                                       ; On                 ; On                 ;
; Perform WYSIWYG Primitive Resynthesis                                      ; Off                ; Off                ;
; Auto ROM Replacement                                                       ; On                 ; On                 ;
; Auto RAM Replacement                                                       ; On                 ; On                 ;
; Auto DSP Block Replacement                                                 ; On                 ; On                 ;
; Auto Shift Register Replacement                                            ; Auto               ; Auto               ;
; Allow Shift Register Merging across Hierarchies                            ; Auto               ; Auto               ;
; Auto Clock Enable Replacement                                              ; On                 ; On                 ;
; Strict RAM Replacement                                                     ; Off                ; Off                ;
; Allow Synchronous Control Signals                                          ; On                 ; On                 ;
; Force Use of Synchronous Clear Signals                                     ; Off                ; Off                ;
; Auto RAM Block Balancing                                                   ; On                 ; On                 ;
; Auto RAM to Logic Cell Conversion                                          ; Off                ; Off                ;
; Auto Resource Sharing                                                      ; Off                ; Off                ;
; Allow Any RAM Size For Recognition                                         ; Off                ; Off                ;
; Allow Any ROM Size For Recognition                                         ; Off                ; Off                ;
; Allow Any Shift Register Size For Recognition                              ; Off                ; Off                ;
; Use LogicLock Constraints during Resource Balancing                        ; On                 ; On                 ;
; Ignore translate_off and synthesis_off directives                          ; Off                ; Off                ;
; Timing-Driven Synthesis                                                    ; On                 ; On                 ;
; Report Parameter Settings                                                  ; On                 ; On                 ;
; Report Source Assignments                                                  ; On                 ; On                 ;
; Report Connectivity Checks                                                 ; On                 ; On                 ;
; Ignore Maximum Fan-Out Assignments                                         ; Off                ; Off                ;
; Synchronization Register Chain Length                                      ; 2                  ; 2                  ;
; PowerPlay Power Optimization During Synthesis                              ; Normal compilation ; Normal compilation ;
; HDL message level                                                          ; Level2             ; Level2             ;
; Suppress Register Optimization Related Messages                            ; Off                ; Off                ;
; Number of Removed Registers Reported in Synthesis Report                   ; 5000               ; 5000               ;
; Number of Swept Nodes Reported in Synthesis Report                         ; 5000               ; 5000               ;
; Number of Inverted Registers Reported in Synthesis Report                  ; 100                ; 100                ;
; Clock MUX Protection                                                       ; On                 ; On                 ;
; Auto Gated Clock Conversion                                                ; Off                ; Off                ;
; Block Design Naming                                                        ; Auto               ; Auto               ;
; SDC constraint protection                                                  ; Off                ; Off                ;
; Synthesis Effort                                                           ; Auto               ; Auto               ;
; Shift Register Replacement - Allow Asynchronous Clear Signal               ; On                 ; On                 ;
; Pre-Mapping Resynthesis Optimization                                       ; Off                ; Off                ;
; Analysis & Synthesis Message Level                                         ; Medium             ; Medium             ;
; Disable Register Merging Across Hierarchies                                ; Auto               ; Auto               ;
; Resource Aware Inference For Block RAM                                     ; On                 ; On                 ;
; Synthesis Seed                                                             ; 1                  ; 1                  ;
+----------------------------------------------------------------------------+--------------------+--------------------+


+------------------------------------------+
; Parallel Compilation                     ;
+----------------------------+-------------+
; Processors                 ; Number      ;
+----------------------------+-------------+
; Number detected on machine ; 8           ;
; Maximum allowed            ; 4           ;
;                            ;             ;
; Average used               ; 1.00        ;
; Maximum used               ; 4           ;
;                            ;             ;
; Usage by Processor         ; % Time Used ;
;     Processor 1            ; 100.0%      ;
;     Processors 2-4         ; < 0.1%      ;
+----------------------------+-------------+


+-----------------------------------------------------------------------------------------------------------------------------------------------------------------------+
; Analysis & Synthesis Source Files Read                                                                                                                                ;
+----------------------------------+-----------------+------------------------------+-------------------------------------------------------------------------+---------+
; File Name with User-Entered Path ; Used in Netlist ; File Type                    ; File Name with Absolute Path                                            ; Library ;
+----------------------------------+-----------------+------------------------------+-------------------------------------------------------------------------+---------+
; generator.v                      ; yes             ; User Verilog HDL File        ; C:/Users/lujin/Downloads/Project/project/generator.v                    ;         ;
; main.v                           ; yes             ; User Verilog HDL File        ; C:/Users/lujin/Downloads/Project/project/main.v                         ;         ;
; print.v                          ; yes             ; User Verilog HDL File        ; C:/Users/lujin/Downloads/Project/project/print.v                        ;         ;
; buzzer.v                         ; yes             ; User Verilog HDL File        ; C:/Users/lujin/Downloads/Project/project/buzzer.v                       ;         ;
; respond.v                        ; yes             ; User Verilog HDL File        ; C:/Users/lujin/Downloads/Project/project/respond.v                      ;         ;
; keypadClock.v                    ; yes             ; User Verilog HDL File        ; C:/Users/lujin/Downloads/Project/project/keypadClock.v                  ;         ;
; lpm_divide.tdf                   ; yes             ; Megafunction                 ; c:/altera_lite/15.1/quartus/libraries/megafunctions/lpm_divide.tdf      ;         ;
; abs_divider.inc                  ; yes             ; Megafunction                 ; c:/altera_lite/15.1/quartus/libraries/megafunctions/abs_divider.inc     ;         ;
; sign_div_unsign.inc              ; yes             ; Megafunction                 ; c:/altera_lite/15.1/quartus/libraries/megafunctions/sign_div_unsign.inc ;         ;
; aglobal151.inc                   ; yes             ; Megafunction                 ; c:/altera_lite/15.1/quartus/libraries/megafunctions/aglobal151.inc      ;         ;
; db/lpm_divide_sll.tdf            ; yes             ; Auto-Generated Megafunction  ; C:/Users/lujin/Downloads/Project/project/db/lpm_divide_sll.tdf          ;         ;
; db/sign_div_unsign_rlh.tdf       ; yes             ; Auto-Generated Megafunction  ; C:/Users/lujin/Downloads/Project/project/db/sign_div_unsign_rlh.tdf     ;         ;
; db/alt_u_div_0ie.tdf             ; yes             ; Auto-Generated Megafunction  ; C:/Users/lujin/Downloads/Project/project/db/alt_u_div_0ie.tdf           ;         ;
; db/add_sub_t3c.tdf               ; yes             ; Auto-Generated Megafunction  ; C:/Users/lujin/Downloads/Project/project/db/add_sub_t3c.tdf             ;         ;
; db/add_sub_u3c.tdf               ; yes             ; Auto-Generated Megafunction  ; C:/Users/lujin/Downloads/Project/project/db/add_sub_u3c.tdf             ;         ;
+----------------------------------+-----------------+------------------------------+-------------------------------------------------------------------------+---------+


+-----------------------------------------------------------+
; Analysis & Synthesis Resource Usage Summary               ;
+---------------------------------------------+-------------+
; Resource                                    ; Usage       ;
+---------------------------------------------+-------------+
; Estimated Total logic elements              ; 814         ;
;                                             ;             ;
; Total combinational functions               ; 727         ;
; Logic element usage by number of LUT inputs ;             ;
;     -- 4 input functions                    ; 286         ;
;     -- 3 input functions                    ; 87          ;
;     -- <=2 input functions                  ; 354         ;
;                                             ;             ;
; Logic elements by mode                      ;             ;
;     -- normal mode                          ; 511         ;
;     -- arithmetic mode                      ; 216         ;
;                                             ;             ;
; Total registers                             ; 305         ;
;     -- Dedicated logic registers            ; 305         ;
;     -- I/O registers                        ; 0           ;
;                                             ;             ;
; I/O pins                                    ; 71          ;
;                                             ;             ;
; Embedded Multiplier 9-bit elements          ; 0           ;
;                                             ;             ;
; Maximum fan-out node                        ; slow:s|tick ;
; Maximum fan-out                             ; 232         ;
; Total fan-out                               ; 2964        ;
; Average fan-out                             ; 2.52        ;
+---------------------------------------------+-------------+


+---------------------------------------------------------------------------------------------------------------------------------------------------------------------------------------------------------------------------------------------------------------------------------------------------------------------+
; Analysis & Synthesis Resource Utilization by Entity                                                                                                                                                                                                                                                                 ;
+-------------------------------------------+-------------------+--------------+-------------+------------+--------------+---------+-----------+------+--------------+------------+--------------------------------------------------------------------------------------------------------------------+--------------+
; Compilation Hierarchy Node                ; LC Combinationals ; LC Registers ; Memory Bits ; UFM Blocks ; DSP Elements ; DSP 9x9 ; DSP 18x18 ; Pins ; Virtual Pins ; ADC blocks ; Full Hierarchy Name                                                                                                ; Library Name ;
+-------------------------------------------+-------------------+--------------+-------------+------------+--------------+---------+-----------+------+--------------+------------+--------------------------------------------------------------------------------------------------------------------+--------------+
; |Probable                                 ; 727 (161)         ; 305 (138)    ; 0           ; 0          ; 0            ; 0       ; 0         ; 71   ; 0            ; 0          ; |Probable                                                                                                          ; work         ;
;    |buzzer:b|                             ; 344 (138)         ; 58 (58)      ; 0           ; 0          ; 0            ; 0       ; 0         ; 0    ; 0            ; 0          ; |Probable|buzzer:b                                                                                                 ; work         ;
;       |lpm_divide:Mod0|                   ; 206 (0)           ; 0 (0)        ; 0           ; 0          ; 0            ; 0       ; 0         ; 0    ; 0            ; 0          ; |Probable|buzzer:b|lpm_divide:Mod0                                                                                 ; work         ;
;          |lpm_divide_sll:auto_generated|  ; 206 (0)           ; 0 (0)        ; 0           ; 0          ; 0            ; 0       ; 0         ; 0    ; 0            ; 0          ; |Probable|buzzer:b|lpm_divide:Mod0|lpm_divide_sll:auto_generated                                                   ; work         ;
;             |sign_div_unsign_rlh:divider| ; 206 (0)           ; 0 (0)        ; 0           ; 0          ; 0            ; 0       ; 0         ; 0    ; 0            ; 0          ; |Probable|buzzer:b|lpm_divide:Mod0|lpm_divide_sll:auto_generated|sign_div_unsign_rlh:divider                       ; work         ;
;                |alt_u_div_0ie:divider|    ; 206 (206)         ; 0 (0)        ; 0           ; 0          ; 0            ; 0       ; 0         ; 0    ; 0            ; 0          ; |Probable|buzzer:b|lpm_divide:Mod0|lpm_divide_sll:auto_generated|sign_div_unsign_rlh:divider|alt_u_div_0ie:divider ; work         ;
;    |generator:g|                          ; 0 (0)             ; 1 (1)        ; 0           ; 0          ; 0            ; 0       ; 0         ; 0    ; 0            ; 0          ; |Probable|generator:g                                                                                              ; work         ;
;    |print:p|                              ; 107 (107)         ; 37 (37)      ; 0           ; 0          ; 0            ; 0       ; 0         ; 0    ; 0            ; 0          ; |Probable|print:p                                                                                                  ; work         ;
;    |respond:r|                            ; 68 (22)           ; 42 (13)      ; 0           ; 0          ; 0            ; 0       ; 0         ; 0    ; 0            ; 0          ; |Probable|respond:r                                                                                                ; work         ;
;       |keypadClock:k|                     ; 46 (46)           ; 29 (29)      ; 0           ; 0          ; 0            ; 0       ; 0         ; 0    ; 0            ; 0          ; |Probable|respond:r|keypadClock:k                                                                                  ; work         ;
;    |slow:s|                               ; 47 (47)           ; 29 (29)      ; 0           ; 0          ; 0            ; 0       ; 0         ; 0    ; 0            ; 0          ; |Probable|slow:s                                                                                                   ; work         ;
+-------------------------------------------+-------------------+--------------+-------------+------------+--------------+---------+-----------+------+--------------+------------+--------------------------------------------------------------------------------------------------------------------+--------------+
Note: For table entries with two numbers listed, the numbers in parentheses indicate the number of resources of the given type used by the specific entity alone. The numbers listed outside of parentheses indicate the total resources of the given type used by the specific entity and all of its sub-entities in the hierarchy.


Encoding Type:  One-Hot
+----------------------------------------------------------------+
; State Machine - |Probable|respond:r|counter                    ;
+------------+------------+------------+------------+------------+
; Name       ; counter.11 ; counter.10 ; counter.01 ; counter.00 ;
+------------+------------+------------+------------+------------+
; counter.00 ; 0          ; 0          ; 0          ; 0          ;
; counter.01 ; 0          ; 0          ; 1          ; 1          ;
; counter.10 ; 0          ; 1          ; 0          ; 1          ;
; counter.11 ; 1          ; 0          ; 0          ; 1          ;
+------------+------------+------------+------------+------------+


+---------------------------------------------------------------------------------+
; Registers Removed During Synthesis                                              ;
+----------------------------------------+----------------------------------------+
; Register name                          ; Reason for Removal                     ;
+----------------------------------------+----------------------------------------+
; start_level[2]                         ; Stuck at GND due to stuck port data_in ;
; print:p|value[3]                       ; Stuck at GND due to stuck port data_in ;
; print:p|value[1]                       ; Stuck at VCC due to stuck port data_in ;
; print:p|h1[5]                          ; Merged with print:p|h1[4]              ;
; print:p|h2[5]                          ; Merged with print:p|h1[4]              ;
; print:p|h5[0]                          ; Merged with print:p|h1[4]              ;
; print:p|h1[2,7]                        ; Merged with print:p|h1[1]              ;
; print:p|h2[7]                          ; Merged with print:p|h1[1]              ;
; print:p|h3[7]                          ; Merged with print:p|h1[1]              ;
; print:p|h4[7]                          ; Merged with print:p|h1[1]              ;
; print:p|h5[1,7]                        ; Merged with print:p|h1[1]              ;
; print:p|h5[3,5]                        ; Merged with print:p|h5[2]              ;
; print:p|h4[3]                          ; Merged with print:p|h3[3]              ;
; print:p|h2[0]                          ; Merged with print:p|h1[3]              ;
; print:p|h2[3]                          ; Merged with print:p|h2[1]              ;
; print:p|h1[1]                          ; Stuck at VCC due to stuck port data_in ;
; print:p|value[2]                       ; Merged with print:p|value[0]           ;
; respond:r|counter~2                    ; Lost fanout                            ;
; respond:r|counter~3                    ; Lost fanout                            ;
; print:p|h0[7]                          ; Stuck at VCC due to stuck port data_in ;
; Total Number of Removed Registers = 23 ;                                        ;
+----------------------------------------+----------------------------------------+


+-------------------------------------------------------------------------------------+
; Removed Registers Triggering Further Register Optimizations                         ;
+----------------+---------------------------+----------------------------------------+
; Register name  ; Reason for Removal        ; Registers Removed due to This Register ;
+----------------+---------------------------+----------------------------------------+
; start_level[2] ; Stuck at GND              ; print:p|h0[7]                          ;
;                ; due to stuck port data_in ;                                        ;
+----------------+---------------------------+----------------------------------------+


+------------------------------------------------------+
; General Register Statistics                          ;
+----------------------------------------------+-------+
; Statistic                                    ; Value ;
+----------------------------------------------+-------+
; Total registers                              ; 305   ;
; Number of registers using Synchronous Clear  ; 0     ;
; Number of registers using Synchronous Load   ; 1     ;
; Number of registers using Asynchronous Clear ; 0     ;
; Number of registers using Asynchronous Load  ; 0     ;
; Number of registers using Clock Enable       ; 191   ;
; Number of registers using Preset             ; 0     ;
+----------------------------------------------+-------+


+---------------------------------------------------+
; Inverted Register Statistics                      ;
+-----------------------------------------+---------+
; Inverted Register                       ; Fan out ;
+-----------------------------------------+---------+
; print:p|h1[4]                           ; 4       ;
; print:p|h5[2]                           ; 3       ;
; print:p|h5[4]                           ; 1       ;
; print:p|h5[6]                           ; 1       ;
; print:p|h4[0]                           ; 1       ;
; print:p|h4[1]                           ; 3       ;
; print:p|h4[2]                           ; 4       ;
; print:p|h3[3]                           ; 2       ;
; print:p|h4[4]                           ; 1       ;
; print:p|h4[5]                           ; 1       ;
; print:p|h4[6]                           ; 1       ;
; print:p|h3[0]                           ; 1       ;
; print:p|h3[1]                           ; 1       ;
; print:p|h3[2]                           ; 1       ;
; print:p|h3[4]                           ; 1       ;
; print:p|h3[5]                           ; 1       ;
; print:p|h3[6]                           ; 1       ;
; print:p|h1[3]                           ; 2       ;
; print:p|h2[1]                           ; 2       ;
; print:p|h2[2]                           ; 1       ;
; print:p|h2[4]                           ; 1       ;
; print:p|h2[6]                           ; 1       ;
; print:p|h1[0]                           ; 1       ;
; print:p|h1[6]                           ; 1       ;
; print:p|h0[0]                           ; 1       ;
; print:p|h0[1]                           ; 4       ;
; print:p|h0[2]                           ; 1       ;
; print:p|h0[3]                           ; 1       ;
; print:p|h0[4]                           ; 1       ;
; print:p|h0[5]                           ; 1       ;
; print:p|h0[6]                           ; 4       ;
; start_level[0]                          ; 5       ;
; respond:r|number[0]                     ; 8       ;
; respond:r|number[1]                     ; 8       ;
; respond:r|number[3]                     ; 12      ;
; Total number of inverted registers = 35 ;         ;
+-----------------------------------------+---------+


+---------------------------------------------------------------------------------------------------------------------------------------------+
; Multiplexer Restructuring Statistics (Restructuring Performed)                                                                              ;
+--------------------+-----------+---------------+----------------------+------------------------+------------+-------------------------------+
; Multiplexer Inputs ; Bus Width ; Baseline Area ; Area if Restructured ; Saving if Restructured ; Registered ; Example Multiplexer Output    ;
+--------------------+-----------+---------------+----------------------+------------------------+------------+-------------------------------+
; 8:1                ; 2 bits    ; 10 LEs        ; 2 LEs                ; 8 LEs                  ; Yes        ; |Probable|print:p|value[2]    ;
; 16:1               ; 28 bits   ; 280 LEs       ; 28 LEs               ; 252 LEs                ; Yes        ; |Probable|buzzer:b|stop[20]   ;
; 16:1               ; 4 bits    ; 40 LEs        ; 4 LEs                ; 36 LEs                 ; Yes        ; |Probable|print:p|delay[0]    ;
; 18:1               ; 2 bits    ; 24 LEs        ; 2 LEs                ; 22 LEs                 ; Yes        ; |Probable|level[0]            ;
; 18:1               ; 28 bits   ; 336 LEs       ; 28 LEs               ; 308 LEs                ; Yes        ; |Probable|buzzer:b|count[10]  ;
; 12:1               ; 2 bits    ; 16 LEs        ; 6 LEs                ; 10 LEs                 ; Yes        ; |Probable|respond:r|x[2]      ;
; 14:1               ; 2 bits    ; 18 LEs        ; 10 LEs               ; 8 LEs                  ; Yes        ; |Probable|respond:r|x[0]      ;
; 3:1                ; 3 bits    ; 6 LEs         ; 3 LEs                ; 3 LEs                  ; Yes        ; |Probable|respond:r|number[0] ;
; 5:1                ; 2 bits    ; 6 LEs         ; 4 LEs                ; 2 LEs                  ; Yes        ; |Probable|print:p|h1[0]       ;
; 6:1                ; 2 bits    ; 8 LEs         ; 4 LEs                ; 4 LEs                  ; Yes        ; |Probable|print:p|h1[3]       ;
; 5:1                ; 2 bits    ; 6 LEs         ; 4 LEs                ; 2 LEs                  ; Yes        ; |Probable|print:p|h1[6]       ;
; 13:1               ; 6 bits    ; 48 LEs        ; 24 LEs               ; 24 LEs                 ; Yes        ; |Probable|print:p|h3[2]       ;
; 9:1                ; 2 bits    ; 12 LEs        ; 6 LEs                ; 6 LEs                  ; Yes        ; |Probable|print:p|h0[0]       ;
; 9:1                ; 6 bits    ; 36 LEs        ; 12 LEs               ; 24 LEs                 ; Yes        ; |Probable|print:p|h2[6]       ;
; 10:1               ; 3 bits    ; 18 LEs        ; 12 LEs               ; 6 LEs                  ; Yes        ; |Probable|print:p|h0[2]       ;
; 16:1               ; 5 bits    ; 50 LEs        ; 20 LEs               ; 30 LEs                 ; Yes        ; |Probable|print:p|h2[2]       ;
+--------------------+-----------+---------------+----------------------+------------------------+------------+-------------------------------+


+-----------------------------------------------------------------------------------------------------------------------------------------------------------------------------------------------------------------------------+
; Parameter Settings for User Entity Instance: print:p                                                                                                                                                                        ;
+----------------+------------------------------------------------------------------------------------------------------------------------------------------------------------------------------------------+-----------------+
; Parameter Name ; Value                                                                                                                                                                                    ; Type            ;
+----------------+------------------------------------------------------------------------------------------------------------------------------------------------------------------------------------------+-----------------+
; pentacode      ; 1001000110000111100100101100111010000110100000111010000010110111101000011000011110111111100011001111111110010000100000001111100010000010100100101001100110110000101001001111100111000000 ; Unsigned Binary ;
; numbers        ; 10010000100000001111100010000010100100101001100110110000101001001111100111000000                                                                                                         ; Unsigned Binary ;
; operators      ; 1011011110100001100001111011111110001100                                                                                                                                                 ; Unsigned Binary ;
; letters        ; 10010001100001111001001011001110100001101000001110100000                                                                                                                                 ; Unsigned Binary ;
; off            ; 11111111                                                                                                                                                                                 ; Unsigned Binary ;
; s1             ; 11111001                                                                                                                                                                                 ; Unsigned Binary ;
; s2             ; 10100100                                                                                                                                                                                 ; Unsigned Binary ;
; s3             ; 10110000                                                                                                                                                                                 ; Unsigned Binary ;
; s4             ; 10011001                                                                                                                                                                                 ; Unsigned Binary ;
; s5             ; 10010010                                                                                                                                                                                 ; Unsigned Binary ;
; s6             ; 10000010                                                                                                                                                                                 ; Unsigned Binary ;
; s7             ; 11111000                                                                                                                                                                                 ; Unsigned Binary ;
; s8             ; 10000000                                                                                                                                                                                 ; Unsigned Binary ;
; s9             ; 10010000                                                                                                                                                                                 ; Unsigned Binary ;
; s0             ; 11000000                                                                                                                                                                                 ; Unsigned Binary ;
; plus           ; 10001100                                                                                                                                                                                 ; Unsigned Binary ;
; minus          ; 10111111                                                                                                                                                                                 ; Unsigned Binary ;
; times          ; 10000111                                                                                                                                                                                 ; Unsigned Binary ;
; div            ; 10100001                                                                                                                                                                                 ; Unsigned Binary ;
; eq             ; 10110111                                                                                                                                                                                 ; Unsigned Binary ;
; a              ; 10100000                                                                                                                                                                                 ; Unsigned Binary ;
; b              ; 10000011                                                                                                                                                                                 ; Unsigned Binary ;
; e              ; 10000110                                                                                                                                                                                 ; Unsigned Binary ;
; r              ; 11001110                                                                                                                                                                                 ; Unsigned Binary ;
; s              ; 10010010                                                                                                                                                                                 ; Unsigned Binary ;
; t              ; 10000111                                                                                                                                                                                 ; Unsigned Binary ;
; y              ; 10010001                                                                                                                                                                                 ; Unsigned Binary ;
; c              ; 11000110                                                                                                                                                                                 ; Unsigned Binary ;
; o              ; 11000000                                                                                                                                                                                 ; Unsigned Binary ;
; fixed_delay    ; 0111                                                                                                                                                                                     ; Unsigned Binary ;
+----------------+------------------------------------------------------------------------------------------------------------------------------------------------------------------------------------------+-----------------+
Note: In order to hide this table in the UI and the text report file, please set the "Show Parameter Settings in Synthesis Report" option in "Analysis and Synthesis Settings -> More Settings" to "Off".


+---------------------------------------------------------------------------+
; Parameter Settings for Inferred Entity Instance: buzzer:b|lpm_divide:Mod0 ;
+------------------------+----------------+---------------------------------+
; Parameter Name         ; Value          ; Type                            ;
+------------------------+----------------+---------------------------------+
; LPM_WIDTHN             ; 28             ; Untyped                         ;
; LPM_WIDTHD             ; 2              ; Untyped                         ;
; LPM_NREPRESENTATION    ; UNSIGNED       ; Untyped                         ;
; LPM_DREPRESENTATION    ; UNSIGNED       ; Untyped                         ;
; LPM_PIPELINE           ; 0              ; Untyped                         ;
; LPM_REMAINDERPOSITIVE  ; TRUE           ; Untyped                         ;
; MAXIMIZE_SPEED         ; 5              ; Untyped                         ;
; CBXI_PARAMETER         ; lpm_divide_sll ; Untyped                         ;
; CARRY_CHAIN            ; MANUAL         ; Untyped                         ;
; OPTIMIZE_FOR_SPEED     ; 5              ; Untyped                         ;
; AUTO_CARRY_CHAINS      ; ON             ; AUTO_CARRY                      ;
; IGNORE_CARRY_BUFFERS   ; OFF            ; IGNORE_CARRY                    ;
; AUTO_CASCADE_CHAINS    ; ON             ; AUTO_CASCADE                    ;
; IGNORE_CASCADE_BUFFERS ; OFF            ; IGNORE_CASCADE                  ;
+------------------------+----------------+---------------------------------+
Note: In order to hide this table in the UI and the text report file, please set the "Show Parameter Settings in Synthesis Report" option in "Analysis and Synthesis Settings -> More Settings" to "Off".


+---------------------------------------------------------------------------------------------------------------------------------------------------------+
; Port Connectivity Checks: "generator:g"                                                                                                                 ;
+--------+--------+----------+----------------------------------------------------------------------------------------------------------------------------+
; Port   ; Type   ; Severity ; Details                                                                                                                    ;
+--------+--------+----------+----------------------------------------------------------------------------------------------------------------------------+
; result ; Output ; Warning  ; Output or bidir port (10 bits) is wider than the port expression (4 bits) it drives; bit(s) "result[9..4]" have no fanouts ;
; result ; Output ; Info     ; Connected to dangling logic. Logic that only feeds a dangling port will be removed.                                        ;
+--------+--------+----------+----------------------------------------------------------------------------------------------------------------------------+


+-----------------------------------------------------+
; Post-Synthesis Netlist Statistics for Top Partition ;
+-----------------------+-----------------------------+
; Type                  ; Count                       ;
+-----------------------+-----------------------------+
; boundary_port         ; 71                          ;
; cycloneiii_ff         ; 305                         ;
;     ENA               ; 190                         ;
;     ENA SLD           ; 1                           ;
;     plain             ; 114                         ;
; cycloneiii_lcell_comb ; 762                         ;
;     arith             ; 216                         ;
;         2 data inputs ; 166                         ;
;         3 data inputs ; 50                          ;
;     normal            ; 546                         ;
;         0 data inputs ; 27                          ;
;         1 data inputs ; 50                          ;
;         2 data inputs ; 146                         ;
;         3 data inputs ; 37                          ;
;         4 data inputs ; 286                         ;
;                       ;                             ;
; Max LUT depth         ; 64.90                       ;
; Average LUT depth     ; 21.05                       ;
+-----------------------+-----------------------------+


+-------------------------------+
; Elapsed Time Per Partition    ;
+----------------+--------------+
; Partition Name ; Elapsed Time ;
+----------------+--------------+
; Top            ; 00:00:01     ;
+----------------+--------------+


+-------------------------------+
; Analysis & Synthesis Messages ;
+-------------------------------+
Info: *******************************************************************
Info: Running Quartus Prime Analysis & Synthesis
    Info: Version 15.1.0 Build 185 10/21/2015 SJ Lite Edition
    Info: Processing started: Mon Dec 10 20:28:02 2018
Info: Command: quartus_map --read_settings_files=on --write_settings_files=off Probable -c Probable
Info (20030): Parallel compilation is enabled and will use 4 of the 4 processors detected
Info (12021): Found 1 design units, including 1 entities, in source file generator.v
    Info (12023): Found entity 1: generator File: C:/Users/lujin/Downloads/Project/project/generator.v Line: 1
Info (12021): Found 2 design units, including 2 entities, in source file main.v
    Info (12023): Found entity 1: Probable File: C:/Users/lujin/Downloads/Project/project/main.v Line: 1
    Info (12023): Found entity 2: slow File: C:/Users/lujin/Downloads/Project/project/main.v Line: 141
Info (12021): Found 1 design units, including 1 entities, in source file print.v
    Info (12023): Found entity 1: print File: C:/Users/lujin/Downloads/Project/project/print.v Line: 1
Info (12021): Found 1 design units, including 1 entities, in source file buzzer.v
    Info (12023): Found entity 1: buzzer File: C:/Users/lujin/Downloads/Project/project/buzzer.v Line: 1
Info (12021): Found 1 design units, including 1 entities, in source file respond.v
    Info (12023): Found entity 1: respond File: C:/Users/lujin/Downloads/Project/project/respond.v Line: 1
Info (12021): Found 1 design units, including 1 entities, in source file keypadclock.v
    Info (12023): Found entity 1: keypadClock File: C:/Users/lujin/Downloads/Project/project/keypadClock.v Line: 1
Info (12127): Elaborating entity "Probable" for the top level hierarchy
Info (12128): Elaborating entity "slow" for hierarchy "slow:s" File: C:/Users/lujin/Downloads/Project/project/main.v Line: 28
Info (12128): Elaborating entity "generator" for hierarchy "generator:g" File: C:/Users/lujin/Downloads/Project/project/main.v Line: 54
Info (10264): Verilog HDL Case Statement information at generator.v(32): all case item expressions in this case statement are onehot File: C:/Users/lujin/Downloads/Project/project/generator.v Line: 32
Info (12128): Elaborating entity "print" for hierarchy "print:p" File: C:/Users/lujin/Downloads/Project/project/main.v Line: 55
Info (12128): Elaborating entity "buzzer" for hierarchy "buzzer:b" File: C:/Users/lujin/Downloads/Project/project/main.v Line: 56
Warning (10230): Verilog HDL assignment warning at buzzer.v(23): truncated value with size 32 to match size of target (28) File: C:/Users/lujin/Downloads/Project/project/buzzer.v Line: 23
Warning (10230): Verilog HDL assignment warning at buzzer.v(24): truncated value with size 32 to match size of target (28) File: C:/Users/lujin/Downloads/Project/project/buzzer.v Line: 24
Warning (10230): Verilog HDL assignment warning at buzzer.v(38): truncated value with size 32 to match size of target (28) File: C:/Users/lujin/Downloads/Project/project/buzzer.v Line: 38
Warning (10230): Verilog HDL assignment warning at buzzer.v(39): truncated value with size 32 to match size of target (28) File: C:/Users/lujin/Downloads/Project/project/buzzer.v Line: 39
Warning (10230): Verilog HDL assignment warning at buzzer.v(54): truncated value with size 32 to match size of target (28) File: C:/Users/lujin/Downloads/Project/project/buzzer.v Line: 54
Info (12128): Elaborating entity "respond" for hierarchy "respond:r" File: C:/Users/lujin/Downloads/Project/project/main.v Line: 57
Info (12128): Elaborating entity "keypadClock" for hierarchy "respond:r|keypadClock:k" File: C:/Users/lujin/Downloads/Project/project/respond.v Line: 14
Warning (127007): Memory Initialization File or Hexadecimal (Intel-Format) File "C:/Users/lujin/Downloads/Project/project/db/Probable.ram0_Probable_d713cce2.hdl.mif" contains "don't care" values -- overwriting them with 0s
Warning (127007): Memory Initialization File or Hexadecimal (Intel-Format) File "C:/Users/lujin/Downloads/Project/project/db/Probable.ram0_Probable_d713cce2.hdl.mif" contains "don't care" values -- overwriting them with 0s
Warning (127007): Memory Initialization File or Hexadecimal (Intel-Format) File "C:/Users/lujin/Downloads/Project/project/db/Probable.ram0_Probable_d713cce2.hdl.mif" contains "don't care" values -- overwriting them with 0s
Info (276014): Found 1 instances of uninferred RAM logic
    Info (276013): RAM logic "delay" is uninferred because MIF is not supported for the selected family File: C:/Users/lujin/Downloads/Project/project/main.v Line: 15
Warning (127007): Memory Initialization File or Hexadecimal (Intel-Format) File "C:/Users/lujin/Downloads/Project/project/db/Probable.ram0_Probable_d713cce2.hdl.mif" contains "don't care" values -- overwriting them with 0s
Info (278001): Inferred 1 megafunctions from design logic
    Info (278004): Inferred divider/modulo megafunction ("lpm_divide") from the following logic: "buzzer:b|Mod0" File: C:/Users/lujin/Downloads/Project/project/buzzer.v Line: 45
Info (12130): Elaborated megafunction instantiation "buzzer:b|lpm_divide:Mod0" File: C:/Users/lujin/Downloads/Project/project/buzzer.v Line: 45
Info (12133): Instantiated megafunction "buzzer:b|lpm_divide:Mod0" with the following parameter: File: C:/Users/lujin/Downloads/Project/project/buzzer.v Line: 45
    Info (12134): Parameter "LPM_WIDTHN" = "28"
    Info (12134): Parameter "LPM_WIDTHD" = "2"
    Info (12134): Parameter "LPM_NREPRESENTATION" = "UNSIGNED"
    Info (12134): Parameter "LPM_DREPRESENTATION" = "UNSIGNED"
Info (12021): Found 1 design units, including 1 entities, in source file db/lpm_divide_sll.tdf
    Info (12023): Found entity 1: lpm_divide_sll File: C:/Users/lujin/Downloads/Project/project/db/lpm_divide_sll.tdf Line: 25
Info (12021): Found 1 design units, including 1 entities, in source file db/sign_div_unsign_rlh.tdf
    Info (12023): Found entity 1: sign_div_unsign_rlh File: C:/Users/lujin/Downloads/Project/project/db/sign_div_unsign_rlh.tdf Line: 25
Info (12021): Found 1 design units, including 1 entities, in source file db/alt_u_div_0ie.tdf
    Info (12023): Found entity 1: alt_u_div_0ie File: C:/Users/lujin/Downloads/Project/project/db/alt_u_div_0ie.tdf Line: 27
Info (12021): Found 1 design units, including 1 entities, in source file db/add_sub_t3c.tdf
    Info (12023): Found entity 1: add_sub_t3c File: C:/Users/lujin/Downloads/Project/project/db/add_sub_t3c.tdf Line: 23
Info (12021): Found 1 design units, including 1 entities, in source file db/add_sub_u3c.tdf
    Info (12023): Found entity 1: add_sub_u3c File: C:/Users/lujin/Downloads/Project/project/db/add_sub_u3c.tdf Line: 23
Warning (12241): 1 hierarchies have connectivity warnings - see the Connectivity Checks report folder
Warning (13024): Output pins are stuck at VCC or GND
    Warning (13410): Pin "h5[1]" is stuck at VCC File: C:/Users/lujin/Downloads/Project/project/main.v Line: 1
    Warning (13410): Pin "h5[7]" is stuck at VCC File: C:/Users/lujin/Downloads/Project/project/main.v Line: 1
    Warning (13410): Pin "h4[7]" is stuck at VCC File: C:/Users/lujin/Downloads/Project/project/main.v Line: 1
    Warning (13410): Pin "h3[7]" is stuck at VCC File: C:/Users/lujin/Downloads/Project/project/main.v Line: 1
    Warning (13410): Pin "h2[7]" is stuck at VCC File: C:/Users/lujin/Downloads/Project/project/main.v Line: 1
    Warning (13410): Pin "h1[1]" is stuck at VCC File: C:/Users/lujin/Downloads/Project/project/main.v Line: 1
    Warning (13410): Pin "h1[2]" is stuck at VCC File: C:/Users/lujin/Downloads/Project/project/main.v Line: 1
    Warning (13410): Pin "h1[7]" is stuck at VCC File: C:/Users/lujin/Downloads/Project/project/main.v Line: 1
    Warning (13410): Pin "h0[7]" is stuck at VCC File: C:/Users/lujin/Downloads/Project/project/main.v Line: 1
Info (286030): Timing-Driven Synthesis is running
Info (17049): 2 registers lost all their fanouts during netlist optimizations.
Info (144001): Generated suppressed messages file C:/Users/lujin/Downloads/Project/project/output_files/Probable.map.smsg
Info (16010): Generating hard_block partition "hard_block:auto_generated_inst"
    Info (16011): Adding 0 node(s), including 0 DDIO, 0 PLL, 0 transceiver and 0 LCELL
Warning (21074): Design contains 10 input pin(s) that do not drive logic
    Warning (15610): No output dependent on input pin "p0" File: C:/Users/lujin/Downloads/Project/project/main.v Line: 6
    Warning (15610): No output dependent on input pin "p1" File: C:/Users/lujin/Downloads/Project/project/main.v Line: 6
    Warning (15610): No output dependent on input pin "p2" File: C:/Users/lujin/Downloads/Project/project/main.v Line: 6
    Warning (15610): No output dependent on input pin "p3" File: C:/Users/lujin/Downloads/Project/project/main.v Line: 6
    Warning (15610): No output dependent on input pin "p4" File: C:/Users/lujin/Downloads/Project/project/main.v Line: 6
    Warning (15610): No output dependent on input pin "p5" File: C:/Users/lujin/Downloads/Project/project/main.v Line: 6
    Warning (15610): No output dependent on input pin "p6" File: C:/Users/lujin/Downloads/Project/project/main.v Line: 6
    Warning (15610): No output dependent on input pin "p7" File: C:/Users/lujin/Downloads/Project/project/main.v Line: 6
    Warning (15610): No output dependent on input pin "p8" File: C:/Users/lujin/Downloads/Project/project/main.v Line: 6
    Warning (15610): No output dependent on input pin "p9" File: C:/Users/lujin/Downloads/Project/project/main.v Line: 6
Info (21057): Implemented 921 device resources after synthesis - the final resource count might be different
    Info (21058): Implemented 16 input pins
    Info (21059): Implemented 55 output pins
    Info (21061): Implemented 850 logic cells
Info: Quartus Prime Analysis & Synthesis was successful. 0 errors, 31 warnings
    Info: Peak virtual memory: 890 megabytes
    Info: Processing ended: Mon Dec 10 20:28:13 2018
    Info: Elapsed time: 00:00:11
    Info: Total CPU time (on all processors): 00:00:23


+------------------------------------------+
; Analysis & Synthesis Suppressed Messages ;
+------------------------------------------+
The suppressed messages can be found in C:/Users/lujin/Downloads/Project/project/output_files/Probable.map.smsg.


